[2026-03-12 03:00:04] ==========================================
[2026-03-12 03:00:04] OpenClaw Nightly Health Check
[2026-03-12 03:00:04] ==========================================
[2026-03-12 03:00:04] 📝 Checking memory...
[2026-03-12 03:00:04]    ⚠️ Creating today's memory file
[2026-03-12 03:00:04]    ✅ Yesterday's memory exists: 2026-03-11.md
[2026-03-12 03:00:04]    💾 Backing up memory...
[2026-03-12 03:00:04]    ✅ Memory backed up to OneDrive
[2026-03-12 03:00:04] 🔧 Checking services...
[2026-03-12 03:00:04]    ✅ Dashboard running on port 5007
[2026-03-12 03:00:04]    ⚠️ OpenClaw gateway may not be running
[2026-03-12 03:00:04]    ✅ Skills directory exists (6 skills)
[2026-03-12 03:00:04] 🧠 Memory maintenance...
[2026-03-12 03:00:04]    📅 MEMORY.md last updated: 2026-03-08
[2026-03-12 03:00:04]    🗑️ Old logs cleaned (keeping 30 days)
[2026-03-12 03:00:04] 💻 System info...
[2026-03-12 03:00:04]    💾 Disk usage: 43%
[2026-03-12 03:00:04]    🧊 Memory active: ~360 MB
[2026-03-12 03:00:04] 
[2026-03-12 03:00:04] ==========================================
[2026-03-12 03:00:04] ✅ Nightly check complete
[2026-03-12 03:00:04] ==========================================
