[2026-03-23 03:00:01] ==========================================
[2026-03-23 03:00:01] OpenClaw Nightly Health Check
[2026-03-23 03:00:01] ==========================================
[2026-03-23 03:00:01] 📝 Checking memory...
[2026-03-23 03:00:01]    ⚠️ Creating today's memory file
[2026-03-23 03:00:01]    ✅ Yesterday's memory exists: 2026-03-22.md
[2026-03-23 03:00:01]    💾 Backing up memory...
[2026-03-23 03:00:01]    ✅ Memory backed up to OneDrive
[2026-03-23 03:00:01] 🔧 Checking services...
[2026-03-23 03:00:02]    ✅ Dashboard running on port 5007
[2026-03-23 03:00:02]    ⚠️ OpenClaw gateway may not be running
[2026-03-23 03:00:02]    ✅ Skills directory exists (6 skills)
[2026-03-23 03:00:02] 🧠 Memory maintenance...
[2026-03-23 03:00:02]    📅 MEMORY.md last updated: 2026-03-08
[2026-03-23 03:00:02]    🗑️ Old logs cleaned (keeping 30 days)
[2026-03-23 03:00:02] 💻 System info...
[2026-03-23 03:00:02]    💾 Disk usage: 43%
[2026-03-23 03:00:02]    🧊 Memory active: ~314 MB
[2026-03-23 03:00:02] 🔄 Checking OpenClaw updates...
[2026-03-23 03:00:02]    ✅ OpenClaw up to date ()
[2026-03-23 03:00:02] 🔄 Checking system updates...
[2026-03-23 03:00:12]    ✅ System up to date
[2026-03-23 03:00:12] 🖥️ Monitoring remote Mac 192.168.1.201...
[2026-03-23 03:00:12]    ✅ Remote Mac reachable
[2026-03-23 03:00:14]       Uptime:  3:00  up 31 days
[2026-03-23 03:00:14]       CPU: CPU usage: 11.84% user
[2026-03-23 03:00:14]       Disk: 35%
[2026-03-23 03:00:14] 
[2026-03-23 03:00:14] ==========================================
[2026-03-23 03:00:14] ✅ Nightly check complete
[2026-03-23 03:00:14] ==========================================
