[2026-03-11 03:00:05] ==========================================
[2026-03-11 03:00:05] OpenClaw Nightly Health Check
[2026-03-11 03:00:05] ==========================================
[2026-03-11 03:00:05] 📝 Checking memory...
[2026-03-11 03:00:05]    ⚠️ Creating today's memory file
[2026-03-11 03:00:05]    ✅ Yesterday's memory exists: 2026-03-10.md
[2026-03-11 03:00:05]    💾 Backing up memory...
[2026-03-11 03:00:05]    ✅ Memory backed up to OneDrive
[2026-03-11 03:00:05] 🔧 Checking services...
[2026-03-11 03:00:05]    ✅ Dashboard running on port 5007
[2026-03-11 03:00:05]    ⚠️ OpenClaw gateway may not be running
[2026-03-11 03:00:05]    ✅ Skills directory exists (6 skills)
[2026-03-11 03:00:05] 🧠 Memory maintenance...
[2026-03-11 03:00:05]    📅 MEMORY.md last updated: 2026-03-08
[2026-03-11 03:00:05]    🗑️ Old logs cleaned (keeping 30 days)
[2026-03-11 03:00:05] 💻 System info...
[2026-03-11 03:00:05]    💾 Disk usage: 43%
[2026-03-11 03:00:05]    🧊 Memory active: ~409 MB
[2026-03-11 03:00:05] 
[2026-03-11 03:00:05] ==========================================
[2026-03-11 03:00:05] ✅ Nightly check complete
[2026-03-11 03:00:05] ==========================================
[2026-03-12 03:00:04] ==========================================
[2026-03-12 03:00:04] OpenClaw Nightly Health Check
[2026-03-12 03:00:04] ==========================================
[2026-03-12 03:00:04] 📝 Checking memory...
[2026-03-12 03:00:04]    ⚠️ Creating today's memory file
[2026-03-12 03:00:04]    ✅ Yesterday's memory exists: 2026-03-11.md
[2026-03-12 03:00:04]    💾 Backing up memory...
[2026-03-12 03:00:04]    ✅ Memory backed up to OneDrive
[2026-03-12 03:00:04] 🔧 Checking services...
[2026-03-12 03:00:04]    ✅ Dashboard running on port 5007
[2026-03-12 03:00:04]    ⚠️ OpenClaw gateway may not be running
[2026-03-12 03:00:04]    ✅ Skills directory exists (6 skills)
[2026-03-12 03:00:04] 🧠 Memory maintenance...
[2026-03-12 03:00:04]    📅 MEMORY.md last updated: 2026-03-08
[2026-03-12 03:00:04]    🗑️ Old logs cleaned (keeping 30 days)
[2026-03-12 03:00:04] 💻 System info...
[2026-03-12 03:00:04]    💾 Disk usage: 43%
[2026-03-12 03:00:04]    🧊 Memory active: ~360 MB
[2026-03-12 03:00:04] 
[2026-03-12 03:00:04] ==========================================
[2026-03-12 03:00:04] ✅ Nightly check complete
[2026-03-12 03:00:04] ==========================================
[2026-03-13 03:00:01] ==========================================
[2026-03-13 03:00:01] OpenClaw Nightly Health Check
[2026-03-13 03:00:01] ==========================================
[2026-03-13 03:00:01] 📝 Checking memory...
[2026-03-13 03:00:01]    ⚠️ Creating today's memory file
[2026-03-13 03:00:01]    ✅ Yesterday's memory exists: 2026-03-12.md
[2026-03-13 03:00:01]    💾 Backing up memory...
[2026-03-13 03:00:02]    ✅ Memory backed up to OneDrive
[2026-03-13 03:00:02] 🔧 Checking services...
[2026-03-13 03:00:02]    ✅ Dashboard running on port 5007
[2026-03-13 03:00:02]    ⚠️ OpenClaw gateway may not be running
[2026-03-13 03:00:02]    ✅ Skills directory exists (6 skills)
[2026-03-13 03:00:02] 🧠 Memory maintenance...
[2026-03-13 03:00:02]    📅 MEMORY.md last updated: 2026-03-08
[2026-03-13 03:00:02]    🗑️ Old logs cleaned (keeping 30 days)
[2026-03-13 03:00:02] 💻 System info...
[2026-03-13 03:00:02]    💾 Disk usage: 43%
[2026-03-13 03:00:02]    🧊 Memory active: ~359 MB
[2026-03-13 03:00:02] 
[2026-03-13 03:00:02] ==========================================
[2026-03-13 03:00:02] ✅ Nightly check complete
[2026-03-13 03:00:02] ==========================================
[2026-03-14 03:00:02] ==========================================
[2026-03-14 03:00:02] OpenClaw Nightly Health Check
[2026-03-14 03:00:02] ==========================================
[2026-03-14 03:00:02] 📝 Checking memory...
[2026-03-14 03:00:02]    ⚠️ Creating today's memory file
[2026-03-14 03:00:02]    ✅ Yesterday's memory exists: 2026-03-13.md
[2026-03-14 03:00:02]    💾 Backing up memory...
[2026-03-14 03:00:02]    ✅ Memory backed up to OneDrive
[2026-03-14 03:00:02] 🔧 Checking services...
[2026-03-14 03:00:02]    ✅ Dashboard running on port 5007
[2026-03-14 03:00:02]    ⚠️ OpenClaw gateway may not be running
[2026-03-14 03:00:02]    ✅ Skills directory exists (6 skills)
[2026-03-14 03:00:02] 🧠 Memory maintenance...
[2026-03-14 03:00:02]    📅 MEMORY.md last updated: 2026-03-08
[2026-03-14 03:00:02]    🗑️ Old logs cleaned (keeping 30 days)
[2026-03-14 03:00:02] 💻 System info...
[2026-03-14 03:00:02]    💾 Disk usage: 44%
[2026-03-14 03:00:02]    🧊 Memory active: ~340 MB
[2026-03-14 03:00:02] 
[2026-03-14 03:00:02] ==========================================
[2026-03-14 03:00:02] ✅ Nightly check complete
[2026-03-14 03:00:02] ==========================================
[2026-03-15 03:00:02] ==========================================
[2026-03-15 03:00:02] OpenClaw Nightly Health Check
[2026-03-15 03:00:02] ==========================================
[2026-03-15 03:00:02] 📝 Checking memory...
[2026-03-15 03:00:02]    ⚠️ Creating today's memory file
[2026-03-15 03:00:02]    ✅ Yesterday's memory exists: 2026-03-14.md
[2026-03-15 03:00:02]    💾 Backing up memory...
[2026-03-15 03:00:02]    ✅ Memory backed up to OneDrive
[2026-03-15 03:00:02] 🔧 Checking services...
[2026-03-15 03:00:02]    ✅ Dashboard running on port 5007
[2026-03-15 03:00:02]    ⚠️ OpenClaw gateway may not be running
[2026-03-15 03:00:02]    ✅ Skills directory exists (6 skills)
[2026-03-15 03:00:02] 🧠 Memory maintenance...
[2026-03-15 03:00:02]    📅 MEMORY.md last updated: 2026-03-08
[2026-03-15 03:00:02]    🗑️ Old logs cleaned (keeping 30 days)
[2026-03-15 03:00:02] 💻 System info...
[2026-03-15 03:00:02]    💾 Disk usage: 44%
[2026-03-15 03:00:02]    🧊 Memory active: ~408 MB
[2026-03-15 03:00:02] 🔄 Checking OpenClaw updates...
[2026-03-15 03:00:02]    ✅ OpenClaw up to date ()
[2026-03-15 03:00:02] 🔄 Checking system updates...
[2026-03-15 03:00:27]    ✅ System up to date
[2026-03-15 03:00:27] 
[2026-03-15 03:00:27] ==========================================
[2026-03-15 03:00:27] ✅ Nightly check complete
[2026-03-15 03:00:27] ==========================================
[2026-03-16 03:00:05] ==========================================
[2026-03-16 03:00:05] OpenClaw Nightly Health Check
[2026-03-16 03:00:05] ==========================================
[2026-03-16 03:00:05] 📝 Checking memory...
[2026-03-16 03:00:05]    ⚠️ Creating today's memory file
[2026-03-16 03:00:05]    ✅ Yesterday's memory exists: 2026-03-15.md
[2026-03-16 03:00:05]    💾 Backing up memory...
[2026-03-16 03:00:05]    ✅ Memory backed up to OneDrive
[2026-03-16 03:00:05] 🔧 Checking services...
[2026-03-16 03:00:05]    ✅ Dashboard running on port 5007
[2026-03-16 03:00:05]    ⚠️ OpenClaw gateway may not be running
[2026-03-16 03:00:05]    ✅ Skills directory exists (6 skills)
[2026-03-16 03:00:05] 🧠 Memory maintenance...
[2026-03-16 03:00:05]    📅 MEMORY.md last updated: 2026-03-08
[2026-03-16 03:00:05]    🗑️ Old logs cleaned (keeping 30 days)
[2026-03-16 03:00:05] 💻 System info...
[2026-03-16 03:00:05]    💾 Disk usage: 42%
[2026-03-16 03:00:05]    🧊 Memory active: ~382 MB
[2026-03-16 03:00:05] 🔄 Checking OpenClaw updates...
[2026-03-16 03:00:05]    ✅ OpenClaw up to date ()
[2026-03-16 03:00:05] 🔄 Checking system updates...
[2026-03-16 03:00:14]    ✅ System up to date
[2026-03-16 03:00:14] 
[2026-03-16 03:00:14] ==========================================
[2026-03-16 03:00:14] ✅ Nightly check complete
[2026-03-16 03:00:14] ==========================================
[2026-03-17 03:00:00] ==========================================
[2026-03-17 03:00:00] OpenClaw Nightly Health Check
[2026-03-17 03:00:00] ==========================================
[2026-03-17 03:00:00] 📝 Checking memory...
[2026-03-17 03:00:00]    ⚠️ Creating today's memory file
[2026-03-17 03:00:00]    ✅ Yesterday's memory exists: 2026-03-16.md
[2026-03-17 03:00:00]    💾 Backing up memory...
[2026-03-17 03:00:00]    ✅ Memory backed up to OneDrive
[2026-03-17 03:00:00] 🔧 Checking services...
[2026-03-17 03:00:00]    ✅ Dashboard running on port 5007
[2026-03-17 03:00:00]    ⚠️ OpenClaw gateway may not be running
[2026-03-17 03:00:00]    ✅ Skills directory exists (6 skills)
[2026-03-17 03:00:00] 🧠 Memory maintenance...
[2026-03-17 03:00:00]    📅 MEMORY.md last updated: 2026-03-08
[2026-03-17 03:00:00]    🗑️ Old logs cleaned (keeping 30 days)
[2026-03-17 03:00:00] 💻 System info...
[2026-03-17 03:00:00]    💾 Disk usage: 43%
[2026-03-17 03:00:00]    🧊 Memory active: ~373 MB
[2026-03-17 03:00:00] 🔄 Checking OpenClaw updates...
[2026-03-17 03:00:00]    ✅ OpenClaw up to date ()
[2026-03-17 03:00:00] 🔄 Checking system updates...
[2026-03-17 03:00:12]    ✅ System up to date
[2026-03-17 03:00:12] 
[2026-03-17 03:00:12] ==========================================
[2026-03-17 03:00:12] ✅ Nightly check complete
[2026-03-17 03:00:12] ==========================================
[2026-03-18 03:00:02] ==========================================
[2026-03-18 03:00:02] OpenClaw Nightly Health Check
[2026-03-18 03:00:02] ==========================================
[2026-03-18 03:00:02] 📝 Checking memory...
[2026-03-18 03:00:02]    ⚠️ Creating today's memory file
[2026-03-18 03:00:02]    ✅ Yesterday's memory exists: 2026-03-17.md
[2026-03-18 03:00:02]    💾 Backing up memory...
[2026-03-18 03:00:02]    ✅ Memory backed up to OneDrive
[2026-03-18 03:00:02] 🔧 Checking services...
[2026-03-18 03:00:02]    ✅ Dashboard running on port 5007
[2026-03-18 03:00:02]    ⚠️ OpenClaw gateway may not be running
[2026-03-18 03:00:02]    ✅ Skills directory exists (6 skills)
[2026-03-18 03:00:02] 🧠 Memory maintenance...
[2026-03-18 03:00:02]    📅 MEMORY.md last updated: 2026-03-08
[2026-03-18 03:00:02]    🗑️ Old logs cleaned (keeping 30 days)
[2026-03-18 03:00:02] 💻 System info...
[2026-03-18 03:00:02]    💾 Disk usage: 42%
[2026-03-18 03:00:02]    🧊 Memory active: ~359 MB
[2026-03-18 03:00:02] 🔄 Checking OpenClaw updates...
[2026-03-18 03:00:02]    ✅ OpenClaw up to date ()
[2026-03-18 03:00:02] 🔄 Checking system updates...
[2026-03-18 03:00:11]    ✅ System up to date
[2026-03-18 03:00:11] 🖥️ Monitoring remote Mac 192.168.1.201...
[2026-03-18 03:00:11]    ✅ Remote Mac reachable
[2026-03-18 03:00:13]       Uptime:  3:00  up 26 days
[2026-03-18 03:00:13]       CPU: CPU usage: 10.11% user
[2026-03-18 03:00:13]       Disk: 29%
[2026-03-18 03:00:13] 
[2026-03-18 03:00:13] ==========================================
[2026-03-18 03:00:13] ✅ Nightly check complete
[2026-03-18 03:00:13] ==========================================
[2026-03-19 03:00:05] ==========================================
[2026-03-19 03:00:05] OpenClaw Nightly Health Check
[2026-03-19 03:00:05] ==========================================
[2026-03-19 03:00:05] 📝 Checking memory...
[2026-03-19 03:00:05]    ⚠️ Creating today's memory file
[2026-03-19 03:00:05]    ✅ Yesterday's memory exists: 2026-03-18.md
[2026-03-19 03:00:05]    💾 Backing up memory...
[2026-03-19 03:00:05]    ✅ Memory backed up to OneDrive
[2026-03-19 03:00:05] 🔧 Checking services...
[2026-03-19 03:00:05]    ✅ Dashboard running on port 5007
[2026-03-19 03:00:05]    ⚠️ OpenClaw gateway may not be running
[2026-03-19 03:00:05]    ✅ Skills directory exists (6 skills)
[2026-03-19 03:00:05] 🧠 Memory maintenance...
[2026-03-19 03:00:05]    📅 MEMORY.md last updated: 2026-03-08
[2026-03-19 03:00:05]    🗑️ Old logs cleaned (keeping 30 days)
[2026-03-19 03:00:05] 💻 System info...
[2026-03-19 03:00:05]    💾 Disk usage: 43%
[2026-03-19 03:00:05]    🧊 Memory active: ~334 MB
[2026-03-19 03:00:05] 🔄 Checking OpenClaw updates...
[2026-03-19 03:00:05]    ✅ OpenClaw up to date ()
[2026-03-19 03:00:05] 🔄 Checking system updates...
[2026-03-19 03:00:17]    ✅ System up to date
[2026-03-19 03:00:17] 🖥️ Monitoring remote Mac 192.168.1.201...
[2026-03-19 03:00:18]    ✅ Remote Mac reachable
[2026-03-19 03:00:19]       Uptime:  3:00  up 27 days
[2026-03-19 03:00:19]       CPU: CPU usage: 17.62% user
[2026-03-19 03:00:19]       Disk: 30%
[2026-03-19 03:00:19] 
[2026-03-19 03:00:20] ==========================================
[2026-03-19 03:00:20] ✅ Nightly check complete
[2026-03-19 03:00:20] ==========================================
[2026-03-20 03:00:04] ==========================================
[2026-03-20 03:00:04] OpenClaw Nightly Health Check
[2026-03-20 03:00:04] ==========================================
[2026-03-20 03:00:05] 📝 Checking memory...
[2026-03-20 03:00:05]    ⚠️ Creating today's memory file
[2026-03-20 03:00:05]    ✅ Yesterday's memory exists: 2026-03-19.md
[2026-03-20 03:00:05]    💾 Backing up memory...
[2026-03-20 03:00:05]    ✅ Memory backed up to OneDrive
[2026-03-20 03:00:05] 🔧 Checking services...
[2026-03-20 03:00:06]    ✅ Dashboard running on port 5007
[2026-03-20 03:00:06]    ⚠️ OpenClaw gateway may not be running
[2026-03-20 03:00:06]    ✅ Skills directory exists (6 skills)
[2026-03-20 03:00:06] 🧠 Memory maintenance...
[2026-03-20 03:00:06]    📅 MEMORY.md last updated: 2026-03-08
[2026-03-20 03:00:06]    🗑️ Old logs cleaned (keeping 30 days)
[2026-03-20 03:00:06] 💻 System info...
[2026-03-20 03:00:07]    💾 Disk usage: 43%
[2026-03-20 03:00:07]    🧊 Memory active: ~299 MB
[2026-03-20 03:00:07] 🔄 Checking OpenClaw updates...
[2026-03-20 03:00:07]    ✅ OpenClaw up to date ()
[2026-03-20 03:00:07] 🔄 Checking system updates...
[2026-03-20 03:00:16]    ✅ System up to date
[2026-03-20 03:00:16] 🖥️ Monitoring remote Mac 192.168.1.201...
[2026-03-20 03:00:16]    ✅ Remote Mac reachable
[2026-03-20 03:00:18]       Uptime:  3:00  up 28 days
[2026-03-20 03:00:18]       CPU: CPU usage: 6.20% user
[2026-03-20 03:00:18]       Disk: 31%
[2026-03-20 03:00:18] 
[2026-03-20 03:00:18] ==========================================
[2026-03-20 03:00:18] ✅ Nightly check complete
[2026-03-20 03:00:18] ==========================================
[2026-03-21 03:00:00] ==========================================
[2026-03-21 03:00:00] OpenClaw Nightly Health Check
[2026-03-21 03:00:00] ==========================================
[2026-03-21 03:00:00] 📝 Checking memory...
[2026-03-21 03:00:00]    ⚠️ Creating today's memory file
[2026-03-21 03:00:00]    ✅ Yesterday's memory exists: 2026-03-20.md
[2026-03-21 03:00:00]    💾 Backing up memory...
[2026-03-21 03:00:00]    ✅ Memory backed up to OneDrive
[2026-03-21 03:00:00] 🔧 Checking services...
[2026-03-21 03:00:00]    ✅ Dashboard running on port 5007
[2026-03-21 03:00:00]    ⚠️ OpenClaw gateway may not be running
[2026-03-21 03:00:00]    ✅ Skills directory exists (6 skills)
[2026-03-21 03:00:00] 🧠 Memory maintenance...
[2026-03-21 03:00:00]    📅 MEMORY.md last updated: 2026-03-08
[2026-03-21 03:00:00]    🗑️ Old logs cleaned (keeping 30 days)
[2026-03-21 03:00:00] 💻 System info...
[2026-03-21 03:00:00]    💾 Disk usage: 43%
[2026-03-21 03:00:00]    🧊 Memory active: ~345 MB
[2026-03-21 03:00:00] 🔄 Checking OpenClaw updates...
[2026-03-21 03:00:00]    ✅ OpenClaw up to date ()
[2026-03-21 03:00:00] 🔄 Checking system updates...
[2026-03-21 03:00:13]    ✅ System up to date
[2026-03-21 03:00:13] 🖥️ Monitoring remote Mac 192.168.1.201...
[2026-03-21 03:00:13]    ✅ Remote Mac reachable
[2026-03-21 03:00:15]       Uptime:  3:00  up 29 days
[2026-03-21 03:00:15]       CPU: CPU usage: 6.67% user
[2026-03-21 03:00:15]       Disk: 31%
[2026-03-21 03:00:15] 
[2026-03-21 03:00:15] ==========================================
[2026-03-21 03:00:15] ✅ Nightly check complete
[2026-03-21 03:00:15] ==========================================
[2026-03-22 03:00:01] ==========================================
[2026-03-22 03:00:01] OpenClaw Nightly Health Check
[2026-03-22 03:00:01] ==========================================
[2026-03-22 03:00:01] 📝 Checking memory...
[2026-03-22 03:00:01]    ⚠️ Creating today's memory file
[2026-03-22 03:00:01]    ✅ Yesterday's memory exists: 2026-03-21.md
[2026-03-22 03:00:01]    💾 Backing up memory...
[2026-03-22 03:00:01]    ✅ Memory backed up to OneDrive
[2026-03-22 03:00:01] 🔧 Checking services...
[2026-03-22 03:00:01]    ✅ Dashboard running on port 5007
[2026-03-22 03:00:01]    ⚠️ OpenClaw gateway may not be running
[2026-03-22 03:00:01]    ✅ Skills directory exists (6 skills)
[2026-03-22 03:00:01] 🧠 Memory maintenance...
[2026-03-22 03:00:01]    📅 MEMORY.md last updated: 2026-03-08
[2026-03-22 03:00:01]    🗑️ Old logs cleaned (keeping 30 days)
[2026-03-22 03:00:01] 💻 System info...
[2026-03-22 03:00:01]    💾 Disk usage: 43%
[2026-03-22 03:00:01]    🧊 Memory active: ~364 MB
[2026-03-22 03:00:01] 🔄 Checking OpenClaw updates...
[2026-03-22 03:00:01]    ✅ OpenClaw up to date ()
[2026-03-22 03:00:01] 🔄 Checking system updates...
[2026-03-22 03:00:26]    ✅ System up to date
[2026-03-22 03:00:26] 🖥️ Monitoring remote Mac 192.168.1.201...
[2026-03-22 03:00:26]    ✅ Remote Mac reachable
[2026-03-22 03:00:28]       Uptime:  3:00  up 30 days
[2026-03-22 03:00:28]       CPU: CPU usage: 8.86% user
[2026-03-22 03:00:28]       Disk: 31%
[2026-03-22 03:00:28] 
[2026-03-22 03:00:28] ==========================================
[2026-03-22 03:00:28] ✅ Nightly check complete
[2026-03-22 03:00:28] ==========================================
[2026-03-23 03:00:01] ==========================================
[2026-03-23 03:00:01] OpenClaw Nightly Health Check
[2026-03-23 03:00:01] ==========================================
[2026-03-23 03:00:01] 📝 Checking memory...
[2026-03-23 03:00:01]    ⚠️ Creating today's memory file
[2026-03-23 03:00:01]    ✅ Yesterday's memory exists: 2026-03-22.md
[2026-03-23 03:00:01]    💾 Backing up memory...
[2026-03-23 03:00:01]    ✅ Memory backed up to OneDrive
[2026-03-23 03:00:01] 🔧 Checking services...
[2026-03-23 03:00:02]    ✅ Dashboard running on port 5007
[2026-03-23 03:00:02]    ⚠️ OpenClaw gateway may not be running
[2026-03-23 03:00:02]    ✅ Skills directory exists (6 skills)
[2026-03-23 03:00:02] 🧠 Memory maintenance...
[2026-03-23 03:00:02]    📅 MEMORY.md last updated: 2026-03-08
[2026-03-23 03:00:02]    🗑️ Old logs cleaned (keeping 30 days)
[2026-03-23 03:00:02] 💻 System info...
[2026-03-23 03:00:02]    💾 Disk usage: 43%
[2026-03-23 03:00:02]    🧊 Memory active: ~314 MB
[2026-03-23 03:00:02] 🔄 Checking OpenClaw updates...
[2026-03-23 03:00:02]    ✅ OpenClaw up to date ()
[2026-03-23 03:00:02] 🔄 Checking system updates...
[2026-03-23 03:00:12]    ✅ System up to date
[2026-03-23 03:00:12] 🖥️ Monitoring remote Mac 192.168.1.201...
[2026-03-23 03:00:12]    ✅ Remote Mac reachable
[2026-03-23 03:00:14]       Uptime:  3:00  up 31 days
[2026-03-23 03:00:14]       CPU: CPU usage: 11.84% user
[2026-03-23 03:00:14]       Disk: 35%
[2026-03-23 03:00:14] 
[2026-03-23 03:00:14] ==========================================
[2026-03-23 03:00:14] ✅ Nightly check complete
[2026-03-23 03:00:14] ==========================================
