[2026-03-16 03:00:05] ==========================================
[2026-03-16 03:00:05] OpenClaw Nightly Health Check
[2026-03-16 03:00:05] ==========================================
[2026-03-16 03:00:05] 📝 Checking memory...
[2026-03-16 03:00:05]    ⚠️ Creating today's memory file
[2026-03-16 03:00:05]    ✅ Yesterday's memory exists: 2026-03-15.md
[2026-03-16 03:00:05]    💾 Backing up memory...
[2026-03-16 03:00:05]    ✅ Memory backed up to OneDrive
[2026-03-16 03:00:05] 🔧 Checking services...
[2026-03-16 03:00:05]    ✅ Dashboard running on port 5007
[2026-03-16 03:00:05]    ⚠️ OpenClaw gateway may not be running
[2026-03-16 03:00:05]    ✅ Skills directory exists (6 skills)
[2026-03-16 03:00:05] 🧠 Memory maintenance...
[2026-03-16 03:00:05]    📅 MEMORY.md last updated: 2026-03-08
[2026-03-16 03:00:05]    🗑️ Old logs cleaned (keeping 30 days)
[2026-03-16 03:00:05] 💻 System info...
[2026-03-16 03:00:05]    💾 Disk usage: 42%
[2026-03-16 03:00:05]    🧊 Memory active: ~382 MB
[2026-03-16 03:00:05] 🔄 Checking OpenClaw updates...
[2026-03-16 03:00:05]    ✅ OpenClaw up to date ()
[2026-03-16 03:00:05] 🔄 Checking system updates...
[2026-03-16 03:00:14]    ✅ System up to date
[2026-03-16 03:00:14] 
[2026-03-16 03:00:14] ==========================================
[2026-03-16 03:00:14] ✅ Nightly check complete
[2026-03-16 03:00:14] ==========================================
